<?xml version="1.0" encoding="UTF-8"?>
<testsuite xmlns:xsi="http://www.w3.org/2001/XMLSchema-instance" xsi:noNamespaceSchemaLocation="https://maven.apache.org/surefire/maven-surefire-plugin/xsd/surefire-test-report.xsd" name="pulkit.coffeemachine.AppTest" time="21.585" tests="3" errors="0" skipped="0" failures="0">
  <properties>
[...]
</properties>
  <testcase name="testServeMultiple" classname="pulkit.coffeemachine.AppTest" time="10.34"/>
  <testcase name="testServePossible" classname="pulkit.coffeemachine.AppTest" time="10.041"/>
  <testcase name="testServeNegative" classname="pulkit.coffeemachine.AppTest" time="1.023"/>
</testsuite>